{"level":"error","message":"Test logger"}
{"level":"error","message":"Test logger"}
{"level":"error","message":"Test logger"}
{"level":"error","message":"Test logger"}
{"level":"error","message":"Test logger"}
{"level":"error","message":"Test logger"}
{"level":"error","message":"Test logger"}
{"level":"error","message":"Test logger"}
{"message":"Test logger","level":"error"}
[31merror[39m: Test logger {"timestamp":"2021-03-30T02:01:48.217Z"}
[31merror[39m: Test logger {"timestamp":"02/02/yy 09:02"}
[31merror[39m: Test logger {"timestamp":"02/02 09:02"}
[31merror[39m: Test logger {"timestamp":"02/03/yy 09:03"}
[31merror[39m: Test logger {"timestamp":"02/03 09:03"}
[31merror[39m: Test logger {"timestamp":"02/03 amt 09:03"}
[31merror[39m: Test logger {"timestamp":"02/03 09:03"}
[31merror[39m: Test logger {"timestamp":"02/04 09:04"}
[31merror[39m: Test logger {"timestamp":"30/03 09:07+07:00"}
[31merror[39m: Test logger {"timestamp":"30/03 09:10"}
[31merror[39m: Test logger {"timestamp":"30/03 amt 09:10"}
[31merror[39m: Test logger {"timestamp":"30/03 - 09:10"}
[31merror[39m: Test logger {"timestamp":"30/03 | 09:10"}
[31merror[39m: Test logger {"timestamp":"30/03 😏 09:10"}
[31merror[39m: Test logger {"timestamp":"30/03 | 09:10"}
[31merror[39m: Test logger {"timestamp":"30/03 | 09:11"}
